Added Component: Designator=H*(Female_Header_4)
Added Pin To Net: NetName=+5 Pin=*-VCC
Added Pin To Net: NetName=+5 Pin=H*-1
Added Pin To Net: NetName=+5 Pin=MD?-3
Added Pin To Net: NetName=+5 Pin=MD?-28
Added Pin To Net: NetName=+5 Pin=MD?-30
Added Pin To Net: NetName=+5 Pin=T*-1
Added Net: Name=+5
Added Pin To Net: NetName=ECHO Pin=H*-3
Added Pin To Net: NetName=ECHO Pin=MD?-14
Added Net: Name=ECHO
Added Pin To Net: NetName=GND Pin=*-GND
Added Pin To Net: NetName=GND Pin=H*-4
Added Pin To Net: NetName=GND Pin=MD?-4
Added Pin To Net: NetName=GND Pin=MD?-29
Added Pin To Net: NetName=GND Pin=T*-2
Added Net: Name=GND
Added Pin To Net: NetName=SCL Pin=*-SCL
Added Pin To Net: NetName=SCL Pin=MD?-8
Added Net: Name=SCL
Added Pin To Net: NetName=SDA Pin=*-SDA
Added Pin To Net: NetName=SDA Pin=MD?-7
Added Net: Name=SDA
Added Pin To Net: NetName=TRIG Pin=H*-2
Added Pin To Net: NetName=TRIG Pin=MD?-15
Added Net: Name=TRIG
Added Member To Class: ClassName=Sheet2 Member=Component H* FEMALE_HEADER_4
